<?xml version="1.0" encoding="UTF-8"?>
<testng-results ignored="0" total="4" passed="4" failed="0" skipped="0">
  <reporter-output>
    <line>
      <![CDATA[ASSERTION PASSED: element PlatformElement is displayed.]]>
    </line>
    <line>
      <![CDATA[ASSERTION PASSED: element WhyOrangeHRMElement is displayed.]]>
    </line>
    <line>
      <![CDATA[ASSERTION PASSED: element ResourcesElement is displayed.]]>
    </line>
    <line>
      <![CDATA[ASSERTION PASSED: element CompanyElement is displayed.]]>
    </line>
    <line>
      <![CDATA[ASSERTION PASSED: element bookFreeDemoElement is displayed.]]>
    </line>
    <line>
      <![CDATA[ASSERTION PASSED: element contactSalesElement is displayed.]]>
    </line>
    <line>
      <![CDATA[ASSERTION PASSED: element tryItFreeElement is displayed.]]>
    </line>
    <line>
      <![CDATA[ASSERTION PASSED: element PeopleManagementElement is displayed.]]>
    </line>
    <line>
      <![CDATA[ASSERTION PASSED: element cultureElement is displayed.]]>
    </line>
    <line>
      <![CDATA[ASSERTION PASSED: element talentManagementElement is displayed.]]>
    </line>
    <line>
      <![CDATA[ASSERTION PASSED: element yourFullName is displayed.]]>
    </line>
    <line>
      <![CDATA[ASSERTION PASSED: element businessEmail is displayed.]]>
    </line>
    <line>
      <![CDATA[ASSERTION PASSED: element Country is displayed.]]>
    </line>
    <line>
      <![CDATA[ASSERTION PASSED: element phoneNumber is displayed.]]>
    </line>
    <line>
      <![CDATA[ASSERTION PASSED: element submitButton is displayed.]]>
    </line>
  </reporter-output>
  <suite started-at="2023-04-04T10:34:50Z" name="orange01" finished-at="2023-04-04T10:35:14Z" duration-ms="24710">
    <groups>
    </groups>
    <test started-at="2023-04-04T10:34:50Z" name="orangeHRM" finished-at="2023-04-04T10:35:14Z" duration-ms="24710">
      <class name="com.education.runners.LoginPageValidation">
        <test-method is-config="true" signature="setup(java.lang.String)[pri:0, instance:com.education.runners.LoginPageValidation@409c54f]" started-at="2023-04-04T16:04:50Z" name="setup" finished-at="2023-04-04T16:05:06Z" duration-ms="16274" status="PASS">
          <params>
            <param index="0">
              <value>
                <![CDATA[chrome]]>
              </value>
            </param>
          </params>
          <reporter-output>
          </reporter-output>
        </test-method> <!-- setup -->
        <test-method signature="loginTest__01()[pri:1, instance:com.education.runners.LoginPageValidation@409c54f]" started-at="2023-04-04T16:05:06Z" name="loginTest__01" finished-at="2023-04-04T16:05:07Z" duration-ms="1048" status="PASS">
          <reporter-output>
          </reporter-output>
        </test-method> <!-- loginTest__01 -->
        <test-method signature="logTestPageElementValidation__02()[pri:2, instance:com.education.runners.LoginPageValidation@409c54f]" started-at="2023-04-04T16:05:07Z" name="logTestPageElementValidation__02" finished-at="2023-04-04T16:05:09Z" duration-ms="1760" status="PASS">
          <reporter-output>
            <line>
              <![CDATA[ASSERTION PASSED: element PlatformElement is displayed.]]>
            </line>
            <line>
              <![CDATA[ASSERTION PASSED: element WhyOrangeHRMElement is displayed.]]>
            </line>
            <line>
              <![CDATA[ASSERTION PASSED: element ResourcesElement is displayed.]]>
            </line>
            <line>
              <![CDATA[ASSERTION PASSED: element CompanyElement is displayed.]]>
            </line>
            <line>
              <![CDATA[ASSERTION PASSED: element bookFreeDemoElement is displayed.]]>
            </line>
            <line>
              <![CDATA[ASSERTION PASSED: element contactSalesElement is displayed.]]>
            </line>
            <line>
              <![CDATA[ASSERTION PASSED: element tryItFreeElement is displayed.]]>
            </line>
            <line>
              <![CDATA[ASSERTION PASSED: element PeopleManagementElement is displayed.]]>
            </line>
            <line>
              <![CDATA[ASSERTION PASSED: element cultureElement is displayed.]]>
            </line>
            <line>
              <![CDATA[ASSERTION PASSED: element talentManagementElement is displayed.]]>
            </line>
          </reporter-output>
        </test-method> <!-- logTestPageElementValidation__02 -->
        <test-method signature="bookFreeDemoTitleValidation__03()[pri:3, instance:com.education.runners.LoginPageValidation@409c54f]" started-at="2023-04-04T16:05:09Z" name="bookFreeDemoTitleValidation__03" finished-at="2023-04-04T16:05:13Z" duration-ms="4302" status="PASS">
          <reporter-output>
          </reporter-output>
        </test-method> <!-- bookFreeDemoTitleValidation__03 -->
        <test-method signature="bookFreeDemoElementValidation__04()[pri:4, instance:com.education.runners.LoginPageValidation@409c54f]" started-at="2023-04-04T16:05:13Z" name="bookFreeDemoElementValidation__04" finished-at="2023-04-04T16:05:14Z" duration-ms="847" status="PASS">
          <reporter-output>
            <line>
              <![CDATA[ASSERTION PASSED: element yourFullName is displayed.]]>
            </line>
            <line>
              <![CDATA[ASSERTION PASSED: element businessEmail is displayed.]]>
            </line>
            <line>
              <![CDATA[ASSERTION PASSED: element Country is displayed.]]>
            </line>
            <line>
              <![CDATA[ASSERTION PASSED: element phoneNumber is displayed.]]>
            </line>
            <line>
              <![CDATA[ASSERTION PASSED: element submitButton is displayed.]]>
            </line>
          </reporter-output>
        </test-method> <!-- bookFreeDemoElementValidation__04 -->
        <test-method is-config="true" signature="tearDown()[pri:0, instance:com.education.runners.LoginPageValidation@409c54f]" started-at="2023-04-04T16:05:14Z" name="tearDown" finished-at="2023-04-04T16:05:14Z" duration-ms="224" status="PASS">
          <reporter-output>
          </reporter-output>
        </test-method> <!-- tearDown -->
      </class> <!-- com.education.runners.LoginPageValidation -->
    </test> <!-- orangeHRM -->
  </suite> <!-- orange01 -->
</testng-results>
